<?xml version="1.0" encoding="UTF-8"?>
<!-- Generated by org.testng.reporters.JUnitReportReporter -->
<testsuite hostname="DESKTOP-NAKCCGJ" failures="0" tests="1" name="Test.ValidatePaymentScreen" time="33.055" errors="0" timestamp="2021-11-20T22:04:13 IST" skipped="0">
  <testcase classname="Test.ValidatePaymentScreen" name="validatePaymentScreen" time="33.055"/>
  <system-out/>
</testsuite> <!-- Test.ValidatePaymentScreen -->
