<?xml version="1.0" encoding="UTF-8"?>
<!-- Generated by org.testng.reporters.JUnitReportReporter -->
<testsuite hostname="DESKTOP-NAKCCGJ" failures="0" tests="2" name="Test.ValidatePaymentScreen" time="38.543" errors="0" timestamp="2021-11-20T14:22:10 IST" skipped="0">
  <testcase classname="Test.ValidatePaymentScreen" name="validatePaymentScreen" time="27.994"/>
  <system-out/>
  <testcase classname="Test.ValidatePaymentScreen" name="validateSuccessMessage" time="10.549"/>
  <system-out/>
</testsuite> <!-- Test.ValidatePaymentScreen -->
